<?xml version="1.0" encoding="UTF-8"?>
<testsuite name="com.bestbuy.bestbuyinfo.CreateStoreDataDrivenTest" time="24.342" tests="100" errors="0" skipped="0" failures="0">
  <properties>
    <property name="idea.version" value="2022.3.2"/>
    <property name="java.runtime.name" value="Java(TM) SE Runtime Environment"/>
    <property name="sun.boot.library.path" value="C:\Program Files\Java\jdk1.8.0_121\jre\bin"/>
    <property name="java.vm.version" value="25.121-b13"/>
    <property name="java.vm.vendor" value="Oracle Corporation"/>
    <property name="maven.multiModuleProjectDirectory" value="C:\Users\ACER\IdeaProjects\wk-18-bestbuy-serenity-restassured-project_jimesh"/>
    <property name="java.vendor.url" value="http://java.oracle.com/"/>
    <property name="path.separator" value=";"/>
    <property name="guice.disable.misplaced.annotation.check" value="true"/>
    <property name="java.vm.name" value="Java HotSpot(TM) 64-Bit Server VM"/>
    <property name="file.encoding.pkg" value="sun.io"/>
    <property name="user.script" value=""/>
    <property name="user.country" value="IN"/>
    <property name="sun.java.launcher" value="SUN_STANDARD"/>
    <property name="sun.os.patch.level" value=""/>
    <property name="java.vm.specification.name" value="Java Virtual Machine Specification"/>
    <property name="user.dir" value="C:\Users\ACER\IdeaProjects\wk-18-bestbuy-serenity-restassured-project_jimesh"/>
    <property name="java.runtime.version" value="1.8.0_121-b13"/>
    <property name="java.awt.graphicsenv" value="sun.awt.Win32GraphicsEnvironment"/>
    <property name="java.endorsed.dirs" value="C:\Program Files\Java\jdk1.8.0_121\jre\lib\endorsed"/>
    <property name="os.arch" value="amd64"/>
    <property name="java.io.tmpdir" value="C:\Users\ACER\AppData\Local\Temp\"/>
    <property name="line.separator" value="&#10;"/>
    <property name="java.vm.specification.vendor" value="Oracle Corporation"/>
    <property name="user.variant" value=""/>
    <property name="os.name" value="Windows 10"/>
    <property name="maven.ext.class.path" value="C:\Program Files\JetBrains\IntelliJ IDEA Community Edition 2022.3.2\plugins\maven\lib\maven-event-listener.jar"/>
    <property name="classworlds.conf" value="C:\Program Files\JetBrains\IntelliJ IDEA Community Edition 2022.3.2\plugins\maven\lib\maven3\bin\m2.conf"/>
    <property name="sun.jnu.encoding" value="Cp1252"/>
    <property name="java.library.path" value="C:\Program Files\Java\jdk1.8.0_121\bin;C:\Windows\Sun\Java\bin;C:\Windows\system32;C:\Windows;C:\Program Files (x86)\Common Files\Oracle\Java\javapath;C:\ProgramData\Oracle\Java\javapath;C:\Windows\system32;C:\Windows;C:\Windows\System32\Wbem;C:\Windows\System32\WindowsPowerShell\v1.0\;C:\Windows\System32\OpenSSH\;C:\Program Files\Java\jdk1.8.0_121\bin;C:\Program Files\Git\cmd;C:\Program Files\Apache\apache-maven-3.9.1\bin;C:\Program Files\nodejs\;C:\Users\ACER\AppData\Local\Microsoft\WindowsApps;C:\Users\ACER\AppData\Roaming\npm;."/>
    <property name="jansi.passthrough" value="true"/>
    <property name="maven.conf" value="C:\Program Files\JetBrains\IntelliJ IDEA Community Edition 2022.3.2\plugins\maven\lib\maven3/conf"/>
    <property name="java.specification.name" value="Java Platform API Specification"/>
    <property name="java.class.version" value="52.0"/>
    <property name="sun.management.compiler" value="HotSpot 64-Bit Tiered Compilers"/>
    <property name="os.version" value="10.0"/>
    <property name="user.home" value="C:\Users\ACER"/>
    <property name="user.timezone" value="Europe/London"/>
    <property name="java.awt.printerjob" value="sun.awt.windows.WPrinterJob"/>
    <property name="java.specification.version" value="1.8"/>
    <property name="file.encoding" value="UTF-8"/>
    <property name="user.name" value="ACER"/>
    <property name="java.class.path" value="C:\Program Files\JetBrains\IntelliJ IDEA Community Edition 2022.3.2\plugins\maven\lib\maven3\boot\plexus-classworlds-2.6.0.jar;C:\Program Files\JetBrains\IntelliJ IDEA Community Edition 2022.3.2\plugins\maven\lib\maven3\boot\plexus-classworlds.license;C:\Program Files\JetBrains\IntelliJ IDEA Community Edition 2022.3.2\lib\idea_rt.jar"/>
    <property name="java.vm.specification.version" value="1.8"/>
    <property name="sun.arch.data.model" value="64"/>
    <property name="java.home" value="C:\Program Files\Java\jdk1.8.0_121\jre"/>
    <property name="sun.java.command" value="org.codehaus.classworlds.Launcher -Didea.version=2022.3.2 clean verify serenity:aggregate"/>
    <property name="java.specification.vendor" value="Oracle Corporation"/>
    <property name="user.language" value="en"/>
    <property name="awt.toolkit" value="sun.awt.windows.WToolkit"/>
    <property name="java.vm.info" value="mixed mode"/>
    <property name="java.version" value="1.8.0_121"/>
    <property name="java.ext.dirs" value="C:\Program Files\Java\jdk1.8.0_121\jre\lib\ext;C:\Windows\Sun\Java\lib\ext"/>
    <property name="sun.boot.class.path" value="C:\Program Files\Java\jdk1.8.0_121\jre\lib\resources.jar;C:\Program Files\Java\jdk1.8.0_121\jre\lib\rt.jar;C:\Program Files\Java\jdk1.8.0_121\jre\lib\sunrsasign.jar;C:\Program Files\Java\jdk1.8.0_121\jre\lib\jsse.jar;C:\Program Files\Java\jdk1.8.0_121\jre\lib\jce.jar;C:\Program Files\Java\jdk1.8.0_121\jre\lib\charsets.jar;C:\Program Files\Java\jdk1.8.0_121\jre\lib\jfr.jar;C:\Program Files\Java\jdk1.8.0_121\jre\classes"/>
    <property name="java.vendor" value="Oracle Corporation"/>
    <property name="maven.home" value="C:\Program Files\JetBrains\IntelliJ IDEA Community Edition 2022.3.2\plugins\maven\lib\maven3"/>
    <property name="file.separator" value="\"/>
    <property name="java.vendor.url.bug" value="http://bugreport.sun.com/bugreport/"/>
    <property name="sun.cpu.endian" value="little"/>
    <property name="sun.io.unicode.encoding" value="UnicodeLittle"/>
    <property name="sun.desktop" value="windows"/>
    <property name="sun.cpu.isalist" value="amd64"/>
  </properties>
  <testcase name="createMultipleStores[14]" classname="com.bestbuy.bestbuyinfo.CreateStoreDataDrivenTest" time="0.524"/>
  <testcase name="createMultipleStores[0]" classname="com.bestbuy.bestbuyinfo.CreateStoreDataDrivenTest" time="0.173"/>
  <testcase name="createMultipleStores[1]" classname="com.bestbuy.bestbuyinfo.CreateStoreDataDrivenTest" time="0.226"/>
  <testcase name="createMultipleStores[8]" classname="com.bestbuy.bestbuyinfo.CreateStoreDataDrivenTest" time="0.111"/>
  <testcase name="createMultipleStores[2]" classname="com.bestbuy.bestbuyinfo.CreateStoreDataDrivenTest" time="0.086"/>
  <testcase name="createMultipleStores[4]" classname="com.bestbuy.bestbuyinfo.CreateStoreDataDrivenTest" time="0.153"/>
  <testcase name="createMultipleStores[3]" classname="com.bestbuy.bestbuyinfo.CreateStoreDataDrivenTest" time="0.12"/>
  <testcase name="createMultipleStores[7]" classname="com.bestbuy.bestbuyinfo.CreateStoreDataDrivenTest" time="0.085"/>
  <testcase name="createMultipleStores[6]" classname="com.bestbuy.bestbuyinfo.CreateStoreDataDrivenTest" time="0.075"/>
  <testcase name="createMultipleStores[15]" classname="com.bestbuy.bestbuyinfo.CreateStoreDataDrivenTest" time="0.081"/>
  <testcase name="createMultipleStores[12]" classname="com.bestbuy.bestbuyinfo.CreateStoreDataDrivenTest" time="0.111"/>
  <testcase name="createMultipleStores[10]" classname="com.bestbuy.bestbuyinfo.CreateStoreDataDrivenTest" time="0.1"/>
  <testcase name="createMultipleStores[11]" classname="com.bestbuy.bestbuyinfo.CreateStoreDataDrivenTest" time="0.179"/>
  <testcase name="createMultipleStores[5]" classname="com.bestbuy.bestbuyinfo.CreateStoreDataDrivenTest" time="0.138"/>
  <testcase name="createMultipleStores[13]" classname="com.bestbuy.bestbuyinfo.CreateStoreDataDrivenTest" time="0.123"/>
  <testcase name="createMultipleStores[9]" classname="com.bestbuy.bestbuyinfo.CreateStoreDataDrivenTest" time="0.074"/>
  <testcase name="createMultipleStores[16]" classname="com.bestbuy.bestbuyinfo.CreateStoreDataDrivenTest" time="0.099"/>
  <testcase name="createMultipleStores[17]" classname="com.bestbuy.bestbuyinfo.CreateStoreDataDrivenTest" time="0.075"/>
  <testcase name="createMultipleStores[18]" classname="com.bestbuy.bestbuyinfo.CreateStoreDataDrivenTest" time="0.085"/>
  <testcase name="createMultipleStores[19]" classname="com.bestbuy.bestbuyinfo.CreateStoreDataDrivenTest" time="0.086"/>
  <testcase name="createMultipleStores[20]" classname="com.bestbuy.bestbuyinfo.CreateStoreDataDrivenTest" time="0.143"/>
  <testcase name="createMultipleStores[21]" classname="com.bestbuy.bestbuyinfo.CreateStoreDataDrivenTest" time="0.115"/>
  <testcase name="createMultipleStores[22]" classname="com.bestbuy.bestbuyinfo.CreateStoreDataDrivenTest" time="0.265"/>
  <testcase name="createMultipleStores[23]" classname="com.bestbuy.bestbuyinfo.CreateStoreDataDrivenTest" time="0.184"/>
  <testcase name="createMultipleStores[24]" classname="com.bestbuy.bestbuyinfo.CreateStoreDataDrivenTest" time="0.223"/>
  <testcase name="createMultipleStores[25]" classname="com.bestbuy.bestbuyinfo.CreateStoreDataDrivenTest" time="0.126"/>
  <testcase name="createMultipleStores[26]" classname="com.bestbuy.bestbuyinfo.CreateStoreDataDrivenTest" time="0.141"/>
  <testcase name="createMultipleStores[27]" classname="com.bestbuy.bestbuyinfo.CreateStoreDataDrivenTest" time="0.199"/>
  <testcase name="createMultipleStores[28]" classname="com.bestbuy.bestbuyinfo.CreateStoreDataDrivenTest" time="0.202"/>
  <testcase name="createMultipleStores[29]" classname="com.bestbuy.bestbuyinfo.CreateStoreDataDrivenTest" time="0.16"/>
  <testcase name="createMultipleStores[30]" classname="com.bestbuy.bestbuyinfo.CreateStoreDataDrivenTest" time="0.163"/>
  <testcase name="createMultipleStores[31]" classname="com.bestbuy.bestbuyinfo.CreateStoreDataDrivenTest" time="0.162"/>
  <testcase name="createMultipleStores[32]" classname="com.bestbuy.bestbuyinfo.CreateStoreDataDrivenTest" time="0.112"/>
  <testcase name="createMultipleStores[33]" classname="com.bestbuy.bestbuyinfo.CreateStoreDataDrivenTest" time="0.106"/>
  <testcase name="createMultipleStores[34]" classname="com.bestbuy.bestbuyinfo.CreateStoreDataDrivenTest" time="0.109"/>
  <testcase name="createMultipleStores[35]" classname="com.bestbuy.bestbuyinfo.CreateStoreDataDrivenTest" time="0.177"/>
  <testcase name="createMultipleStores[36]" classname="com.bestbuy.bestbuyinfo.CreateStoreDataDrivenTest" time="0.121"/>
  <testcase name="createMultipleStores[37]" classname="com.bestbuy.bestbuyinfo.CreateStoreDataDrivenTest" time="0.098"/>
  <testcase name="createMultipleStores[38]" classname="com.bestbuy.bestbuyinfo.CreateStoreDataDrivenTest" time="0.185"/>
  <testcase name="createMultipleStores[39]" classname="com.bestbuy.bestbuyinfo.CreateStoreDataDrivenTest" time="0.134"/>
  <testcase name="createMultipleStores[40]" classname="com.bestbuy.bestbuyinfo.CreateStoreDataDrivenTest" time="0.113"/>
  <testcase name="createMultipleStores[41]" classname="com.bestbuy.bestbuyinfo.CreateStoreDataDrivenTest" time="0.172"/>
  <testcase name="createMultipleStores[42]" classname="com.bestbuy.bestbuyinfo.CreateStoreDataDrivenTest" time="0.159"/>
  <testcase name="createMultipleStores[43]" classname="com.bestbuy.bestbuyinfo.CreateStoreDataDrivenTest" time="0.139"/>
  <testcase name="createMultipleStores[44]" classname="com.bestbuy.bestbuyinfo.CreateStoreDataDrivenTest" time="0.158"/>
  <testcase name="createMultipleStores[45]" classname="com.bestbuy.bestbuyinfo.CreateStoreDataDrivenTest" time="0.194"/>
  <testcase name="createMultipleStores[46]" classname="com.bestbuy.bestbuyinfo.CreateStoreDataDrivenTest" time="0.123"/>
  <testcase name="createMultipleStores[47]" classname="com.bestbuy.bestbuyinfo.CreateStoreDataDrivenTest" time="0.097"/>
  <testcase name="createMultipleStores[48]" classname="com.bestbuy.bestbuyinfo.CreateStoreDataDrivenTest" time="0.485"/>
  <testcase name="createMultipleStores[49]" classname="com.bestbuy.bestbuyinfo.CreateStoreDataDrivenTest" time="0.118"/>
  <testcase name="createMultipleStores[50]" classname="com.bestbuy.bestbuyinfo.CreateStoreDataDrivenTest" time="0.121"/>
  <testcase name="createMultipleStores[51]" classname="com.bestbuy.bestbuyinfo.CreateStoreDataDrivenTest" time="0.127"/>
  <testcase name="createMultipleStores[52]" classname="com.bestbuy.bestbuyinfo.CreateStoreDataDrivenTest" time="0.158"/>
  <testcase name="createMultipleStores[53]" classname="com.bestbuy.bestbuyinfo.CreateStoreDataDrivenTest" time="0.134"/>
  <testcase name="createMultipleStores[54]" classname="com.bestbuy.bestbuyinfo.CreateStoreDataDrivenTest" time="0.121"/>
  <testcase name="createMultipleStores[55]" classname="com.bestbuy.bestbuyinfo.CreateStoreDataDrivenTest" time="0.153"/>
  <testcase name="createMultipleStores[56]" classname="com.bestbuy.bestbuyinfo.CreateStoreDataDrivenTest" time="0.194"/>
  <testcase name="createMultipleStores[57]" classname="com.bestbuy.bestbuyinfo.CreateStoreDataDrivenTest" time="0.129"/>
  <testcase name="createMultipleStores[58]" classname="com.bestbuy.bestbuyinfo.CreateStoreDataDrivenTest" time="0.165"/>
  <testcase name="createMultipleStores[59]" classname="com.bestbuy.bestbuyinfo.CreateStoreDataDrivenTest" time="0.116"/>
  <testcase name="createMultipleStores[60]" classname="com.bestbuy.bestbuyinfo.CreateStoreDataDrivenTest" time="0.086"/>
  <testcase name="createMultipleStores[61]" classname="com.bestbuy.bestbuyinfo.CreateStoreDataDrivenTest" time="0.114"/>
  <testcase name="createMultipleStores[62]" classname="com.bestbuy.bestbuyinfo.CreateStoreDataDrivenTest" time="0.086"/>
  <testcase name="createMultipleStores[63]" classname="com.bestbuy.bestbuyinfo.CreateStoreDataDrivenTest" time="0.118"/>
  <testcase name="createMultipleStores[64]" classname="com.bestbuy.bestbuyinfo.CreateStoreDataDrivenTest" time="0.157"/>
  <testcase name="createMultipleStores[65]" classname="com.bestbuy.bestbuyinfo.CreateStoreDataDrivenTest" time="0.162"/>
  <testcase name="createMultipleStores[66]" classname="com.bestbuy.bestbuyinfo.CreateStoreDataDrivenTest" time="0.113"/>
  <testcase name="createMultipleStores[67]" classname="com.bestbuy.bestbuyinfo.CreateStoreDataDrivenTest" time="0.139"/>
  <testcase name="createMultipleStores[68]" classname="com.bestbuy.bestbuyinfo.CreateStoreDataDrivenTest" time="0.125"/>
  <testcase name="createMultipleStores[69]" classname="com.bestbuy.bestbuyinfo.CreateStoreDataDrivenTest" time="0.14"/>
  <testcase name="createMultipleStores[70]" classname="com.bestbuy.bestbuyinfo.CreateStoreDataDrivenTest" time="0.128"/>
  <testcase name="createMultipleStores[71]" classname="com.bestbuy.bestbuyinfo.CreateStoreDataDrivenTest" time="0.161"/>
  <testcase name="createMultipleStores[72]" classname="com.bestbuy.bestbuyinfo.CreateStoreDataDrivenTest" time="0.093"/>
  <testcase name="createMultipleStores[73]" classname="com.bestbuy.bestbuyinfo.CreateStoreDataDrivenTest" time="0.077"/>
  <testcase name="createMultipleStores[74]" classname="com.bestbuy.bestbuyinfo.CreateStoreDataDrivenTest" time="0.083"/>
  <testcase name="createMultipleStores[75]" classname="com.bestbuy.bestbuyinfo.CreateStoreDataDrivenTest" time="0.071"/>
  <testcase name="createMultipleStores[76]" classname="com.bestbuy.bestbuyinfo.CreateStoreDataDrivenTest" time="0.085"/>
  <testcase name="createMultipleStores[77]" classname="com.bestbuy.bestbuyinfo.CreateStoreDataDrivenTest" time="0.153"/>
  <testcase name="createMultipleStores[78]" classname="com.bestbuy.bestbuyinfo.CreateStoreDataDrivenTest" time="0.12"/>
  <testcase name="createMultipleStores[79]" classname="com.bestbuy.bestbuyinfo.CreateStoreDataDrivenTest" time="0.107"/>
  <testcase name="createMultipleStores[80]" classname="com.bestbuy.bestbuyinfo.CreateStoreDataDrivenTest" time="0.121"/>
  <testcase name="createMultipleStores[81]" classname="com.bestbuy.bestbuyinfo.CreateStoreDataDrivenTest" time="0.134"/>
  <testcase name="createMultipleStores[82]" classname="com.bestbuy.bestbuyinfo.CreateStoreDataDrivenTest" time="0.106"/>
  <testcase name="createMultipleStores[83]" classname="com.bestbuy.bestbuyinfo.CreateStoreDataDrivenTest" time="0.114"/>
  <testcase name="createMultipleStores[84]" classname="com.bestbuy.bestbuyinfo.CreateStoreDataDrivenTest" time="0.084"/>
  <testcase name="createMultipleStores[85]" classname="com.bestbuy.bestbuyinfo.CreateStoreDataDrivenTest" time="0.162"/>
  <testcase name="createMultipleStores[86]" classname="com.bestbuy.bestbuyinfo.CreateStoreDataDrivenTest" time="0.256"/>
  <testcase name="createMultipleStores[87]" classname="com.bestbuy.bestbuyinfo.CreateStoreDataDrivenTest" time="0.361"/>
  <testcase name="createMultipleStores[88]" classname="com.bestbuy.bestbuyinfo.CreateStoreDataDrivenTest" time="0.437"/>
  <testcase name="createMultipleStores[89]" classname="com.bestbuy.bestbuyinfo.CreateStoreDataDrivenTest" time="0.528"/>
  <testcase name="createMultipleStores[90]" classname="com.bestbuy.bestbuyinfo.CreateStoreDataDrivenTest" time="0.614"/>
  <testcase name="createMultipleStores[91]" classname="com.bestbuy.bestbuyinfo.CreateStoreDataDrivenTest" time="0.717"/>
  <testcase name="createMultipleStores[92]" classname="com.bestbuy.bestbuyinfo.CreateStoreDataDrivenTest" time="0.837"/>
  <testcase name="createMultipleStores[93]" classname="com.bestbuy.bestbuyinfo.CreateStoreDataDrivenTest" time="0.969"/>
  <testcase name="createMultipleStores[94]" classname="com.bestbuy.bestbuyinfo.CreateStoreDataDrivenTest" time="1.059"/>
  <testcase name="createMultipleStores[95]" classname="com.bestbuy.bestbuyinfo.CreateStoreDataDrivenTest" time="1.146"/>
  <testcase name="createMultipleStores[96]" classname="com.bestbuy.bestbuyinfo.CreateStoreDataDrivenTest" time="1.223"/>
  <testcase name="createMultipleStores[97]" classname="com.bestbuy.bestbuyinfo.CreateStoreDataDrivenTest" time="1.302"/>
  <testcase name="createMultipleStores[98]" classname="com.bestbuy.bestbuyinfo.CreateStoreDataDrivenTest" time="1.381"/>
  <testcase name="createMultipleStores[99]" classname="com.bestbuy.bestbuyinfo.CreateStoreDataDrivenTest" time="1.468"/>
</testsuite>